<?xml version="1.0" encoding="UTF-8"?>
<coverage generated="1653761055196" clover="3.2.0">
  <project timestamp="1653761055196" name="All files">
    <metrics statements="37" coveredstatements="37" conditionals="16" coveredconditionals="16" methods="6" coveredmethods="6" elements="59" coveredelements="59" complexity="0" loc="37" ncloc="37" packages="1" files="6" classes="6"/>
    <file name="add.ts" path="E:\program\workspace2\utils\src\modules\add.ts">
      <metrics statements="5" coveredstatements="5" conditionals="0" coveredconditionals="0" methods="1" coveredmethods="1"/>
      <line num="1" count="2" type="stmt"/>
      <line num="9" count="2" type="stmt"/>
      <line num="10" count="8" type="stmt"/>
      <line num="11" count="8" type="stmt"/>
      <line num="12" count="8" type="stmt"/>
    </file>
    <file name="decimalsLength.ts" path="E:\program\workspace2\utils\src\modules\decimalsLength.ts">
      <metrics statements="3" coveredstatements="3" conditionals="2" coveredconditionals="2" methods="1" coveredmethods="1"/>
      <line num="7" count="5" type="stmt"/>
      <line num="8" count="32" type="stmt"/>
      <line num="9" count="32" type="cond" truecount="2" falsecount="0"/>
    </file>
    <file name="divide.ts" path="E:\program\workspace2\utils\src\modules\divide.ts">
      <metrics statements="9" coveredstatements="9" conditionals="2" coveredconditionals="2" methods="1" coveredmethods="1"/>
      <line num="1" count="1" type="stmt"/>
      <line num="9" count="1" type="stmt"/>
      <line num="10" count="6" type="cond" truecount="1" falsecount="0"/>
      <line num="11" count="1" type="stmt"/>
      <line num="13" count="5" type="cond" truecount="1" falsecount="0"/>
      <line num="14" count="1" type="stmt"/>
      <line num="16" count="4" type="stmt"/>
      <line num="17" count="4" type="stmt"/>
      <line num="18" count="4" type="stmt"/>
    </file>
    <file name="minus.ts" path="E:\program\workspace2\utils\src\modules\minus.ts">
      <metrics statements="3" coveredstatements="3" conditionals="0" coveredconditionals="0" methods="1" coveredmethods="1"/>
      <line num="1" count="1" type="stmt"/>
      <line num="9" count="1" type="stmt"/>
      <line num="10" count="4" type="stmt"/>
    </file>
    <file name="money.ts" path="E:\program\workspace2\utils\src\modules\money.ts">
      <metrics statements="10" coveredstatements="10" conditionals="9" coveredconditionals="9" methods="1" coveredmethods="1"/>
      <line num="8" count="11" type="cond" truecount="1" falsecount="0"/>
      <line num="9" count="8" type="stmt"/>
      <line num="10" count="8" type="stmt"/>
      <line num="11" count="8" type="stmt"/>
      <line num="14" count="8" type="cond" truecount="2" falsecount="0"/>
      <line num="15" count="3" type="cond" truecount="2" falsecount="0"/>
      <line num="16" count="1" type="stmt"/>
      <line num="20" count="2" type="stmt"/>
      <line num="23" count="5" type="cond" truecount="2" falsecount="0"/>
      <line num="25" count="8" type="cond" truecount="2" falsecount="0"/>
    </file>
    <file name="multiply.ts" path="E:\program\workspace2\utils\src\modules\multiply.ts">
      <metrics statements="7" coveredstatements="7" conditionals="3" coveredconditionals="3" methods="1" coveredmethods="1"/>
      <line num="1" count="1" type="stmt"/>
      <line num="9" count="1" type="stmt"/>
      <line num="10" count="5" type="cond" truecount="3" falsecount="0"/>
      <line num="11" count="2" type="stmt"/>
      <line num="13" count="3" type="stmt"/>
      <line num="14" count="3" type="stmt"/>
      <line num="15" count="3" type="stmt"/>
    </file>
  </project>
</coverage>
