{"E:\\program\\workspace2\\utils\\src\\modules\\add.ts": {"path":"E:\\program\\workspace2\\utils\\src\\modules\\add.ts","statementMap":{"0":{"start":{"line":1,"column":0},"end":{"line":1,"column":46}},"1":{"start":{"line":10,"column":27},"end":{"line":10,"column":73}},"2":{"start":{"line":11,"column":16},"end":{"line":11,"column":44}},"3":{"start":{"line":12,"column":4},"end":{"line":12,"column":null}},"4":{"start":{"line":9,"column":0},"end":{"line":9,"column":24}}},"fnMap":{"0":{"name":"add","decl":{"start":{"line":9,"column":24},"end":{"line":9,"column":27}},"loc":{"start":{"line":9,"column":48},"end":{"line":13,"column":1}}}},"branchMap":{},"s":{"0":2,"1":8,"2":8,"3":8,"4":2},"f":{"0":8},"b":{}}
,"E:\\program\\workspace2\\utils\\src\\modules\\decimalsLength.ts": {"path":"E:\\program\\workspace2\\utils\\src\\modules\\decimalsLength.ts","statementMap":{"0":{"start":{"line":8,"column":19},"end":{"line":8,"column":27}},"1":{"start":{"line":9,"column":4},"end":{"line":9,"column":null}},"2":{"start":{"line":7,"column":0},"end":{"line":7,"column":24}}},"fnMap":{"0":{"name":"decimalsLength","decl":{"start":{"line":7,"column":24},"end":{"line":7,"column":38}},"loc":{"start":{"line":7,"column":50},"end":{"line":10,"column":1}}}},"branchMap":{"0":{"loc":{"start":{"line":9,"column":11},"end":{"line":9,"column":93}},"type":"cond-expr","locations":[{"start":{"line":9,"column":41},"end":{"line":9,"column":89}},{"start":{"line":9,"column":92},"end":{"line":9,"column":93}}]}},"s":{"0":32,"1":32,"2":5},"f":{"0":32},"b":{"0":[18,14]}}
,"E:\\program\\workspace2\\utils\\src\\modules\\divide.ts": {"path":"E:\\program\\workspace2\\utils\\src\\modules\\divide.ts","statementMap":{"0":{"start":{"line":1,"column":0},"end":{"line":1,"column":46}},"1":{"start":{"line":10,"column":4},"end":{"line":12,"column":null}},"2":{"start":{"line":11,"column":8},"end":{"line":11,"column":null}},"3":{"start":{"line":13,"column":4},"end":{"line":15,"column":null}},"4":{"start":{"line":14,"column":8},"end":{"line":14,"column":null}},"5":{"start":{"line":16,"column":27},"end":{"line":16,"column":73}},"6":{"start":{"line":17,"column":16},"end":{"line":17,"column":44}},"7":{"start":{"line":18,"column":4},"end":{"line":18,"column":null}},"8":{"start":{"line":9,"column":0},"end":{"line":9,"column":24}}},"fnMap":{"0":{"name":"divide","decl":{"start":{"line":9,"column":24},"end":{"line":9,"column":30}},"loc":{"start":{"line":9,"column":51},"end":{"line":19,"column":1}}}},"branchMap":{"0":{"loc":{"start":{"line":10,"column":4},"end":{"line":12,"column":null}},"type":"if","locations":[{"start":{"line":10,"column":4},"end":{"line":12,"column":null}}]},"1":{"loc":{"start":{"line":13,"column":4},"end":{"line":15,"column":null}},"type":"if","locations":[{"start":{"line":13,"column":4},"end":{"line":15,"column":null}}]}},"s":{"0":1,"1":6,"2":1,"3":5,"4":1,"5":4,"6":4,"7":4,"8":1},"f":{"0":6},"b":{"0":[1],"1":[1]}}
,"E:\\program\\workspace2\\utils\\src\\modules\\minus.ts": {"path":"E:\\program\\workspace2\\utils\\src\\modules\\minus.ts","statementMap":{"0":{"start":{"line":1,"column":0},"end":{"line":1,"column":24}},"1":{"start":{"line":10,"column":4},"end":{"line":10,"column":null}},"2":{"start":{"line":9,"column":0},"end":{"line":9,"column":24}}},"fnMap":{"0":{"name":"minus","decl":{"start":{"line":9,"column":24},"end":{"line":9,"column":29}},"loc":{"start":{"line":9,"column":50},"end":{"line":11,"column":1}}}},"branchMap":{},"s":{"0":1,"1":4,"2":1},"f":{"0":4},"b":{}}
,"E:\\program\\workspace2\\utils\\src\\modules\\money.ts": {"path":"E:\\program\\workspace2\\utils\\src\\modules\\money.ts","statementMap":{"0":{"start":{"line":8,"column":43},"end":{"line":8,"column":null}},"1":{"start":{"line":9,"column":19},"end":{"line":9,"column":27}},"2":{"start":{"line":10,"column":17},"end":{"line":10,"column":34}},"3":{"start":{"line":11,"column":19},"end":{"line":11,"column":61}},"4":{"start":{"line":14,"column":4},"end":{"line":24,"column":null}},"5":{"start":{"line":15,"column":8},"end":{"line":21,"column":null}},"6":{"start":{"line":16,"column":12},"end":{"line":16,"column":null}},"7":{"start":{"line":20,"column":12},"end":{"line":20,"column":null}},"8":{"start":{"line":23,"column":8},"end":{"line":23,"column":null}},"9":{"start":{"line":25,"column":4},"end":{"line":25,"column":null}},"10":{"start":{"line":8,"column":0},"end":{"line":8,"column":24}}},"fnMap":{"0":{"name":"money","decl":{"start":{"line":8,"column":24},"end":{"line":8,"column":29}},"loc":{"start":{"line":8,"column":55},"end":{"line":26,"column":1}}}},"branchMap":{"0":{"loc":{"start":{"line":8,"column":43},"end":{"line":8,"column":null}},"type":"if","locations":[{"start":{"line":8,"column":43},"end":{"line":8,"column":null}}]},"1":{"loc":{"start":{"line":14,"column":4},"end":{"line":24,"column":null}},"type":"if","locations":[{"start":{"line":14,"column":4},"end":{"line":24,"column":null}},{"start":{"line":22,"column":11},"end":{"line":24,"column":null}}]},"2":{"loc":{"start":{"line":15,"column":8},"end":{"line":21,"column":null}},"type":"if","locations":[{"start":{"line":15,"column":8},"end":{"line":21,"column":null}},{"start":{"line":17,"column":15},"end":{"line":21,"column":null}}]},"3":{"loc":{"start":{"line":23,"column":19},"end":{"line":23,"column":60}},"type":"cond-expr","locations":[{"start":{"line":23,"column":30},"end":{"line":23,"column":55}},{"start":{"line":23,"column":58},"end":{"line":23,"column":60}}]},"4":{"loc":{"start":{"line":25,"column":23},"end":{"line":25,"column":53}},"type":"cond-expr","locations":[{"start":{"line":25,"column":34},"end":{"line":25,"column":48}},{"start":{"line":25,"column":51},"end":{"line":25,"column":53}}]}},"s":{"0":11,"1":8,"2":8,"3":8,"4":8,"5":3,"6":1,"7":2,"8":5,"9":8,"10":1},"f":{"0":8},"b":{"0":[3],"1":[3,5],"2":[1,2],"3":[1,4],"4":[3,5]}}
,"E:\\program\\workspace2\\utils\\src\\modules\\multiply.ts": {"path":"E:\\program\\workspace2\\utils\\src\\modules\\multiply.ts","statementMap":{"0":{"start":{"line":1,"column":0},"end":{"line":1,"column":46}},"1":{"start":{"line":10,"column":4},"end":{"line":12,"column":null}},"2":{"start":{"line":11,"column":8},"end":{"line":11,"column":null}},"3":{"start":{"line":13,"column":27},"end":{"line":13,"column":73}},"4":{"start":{"line":14,"column":16},"end":{"line":14,"column":44}},"5":{"start":{"line":15,"column":4},"end":{"line":15,"column":null}},"6":{"start":{"line":9,"column":0},"end":{"line":9,"column":24}}},"fnMap":{"0":{"name":"multiply","decl":{"start":{"line":9,"column":24},"end":{"line":9,"column":32}},"loc":{"start":{"line":9,"column":53},"end":{"line":16,"column":1}}}},"branchMap":{"0":{"loc":{"start":{"line":10,"column":4},"end":{"line":12,"column":null}},"type":"if","locations":[{"start":{"line":10,"column":4},"end":{"line":12,"column":null}}]},"1":{"loc":{"start":{"line":10,"column":8},"end":{"line":10,"column":26}},"type":"binary-expr","locations":[{"start":{"line":10,"column":8},"end":{"line":10,"column":15}},{"start":{"line":10,"column":19},"end":{"line":10,"column":26}}]}},"s":{"0":1,"1":5,"2":2,"3":3,"4":3,"5":3,"6":1},"f":{"0":5},"b":{"0":[2],"1":[5,4]}}
}
