TN:
SF:src\modules\add.ts
FN:9,add
FNF:1
FNH:1
FNDA:8,add
DA:1,2
DA:9,2
DA:10,8
DA:11,8
DA:12,8
LF:5
LH:5
BRF:0
BRH:0
end_of_record
TN:
SF:src\modules\decimalsLength.ts
FN:7,decimalsLength
FNF:1
FNH:1
FNDA:32,decimalsLength
DA:7,5
DA:8,32
DA:9,32
LF:3
LH:3
BRDA:9,0,0,18
BRDA:9,0,1,14
BRF:2
BRH:2
end_of_record
TN:
SF:src\modules\divide.ts
FN:9,divide
FNF:1
FNH:1
FNDA:6,divide
DA:1,1
DA:9,1
DA:10,6
DA:11,1
DA:13,5
DA:14,1
DA:16,4
DA:17,4
DA:18,4
LF:9
LH:9
BRDA:10,0,0,1
BRDA:13,1,0,1
BRF:2
BRH:2
end_of_record
TN:
SF:src\modules\minus.ts
FN:9,minus
FNF:1
FNH:1
FNDA:4,minus
DA:1,1
DA:9,1
DA:10,4
LF:3
LH:3
BRF:0
BRH:0
end_of_record
TN:
SF:src\modules\money.ts
FN:8,money
FNF:1
FNH:1
FNDA:8,money
DA:8,11
DA:9,8
DA:10,8
DA:11,8
DA:14,8
DA:15,3
DA:16,1
DA:20,2
DA:23,5
DA:25,8
LF:10
LH:10
BRDA:8,0,0,3
BRDA:14,1,0,3
BRDA:14,1,1,5
BRDA:15,2,0,1
BRDA:15,2,1,2
BRDA:23,3,0,1
BRDA:23,3,1,4
BRDA:25,4,0,3
BRDA:25,4,1,5
BRF:9
BRH:9
end_of_record
TN:
SF:src\modules\multiply.ts
FN:9,multiply
FNF:1
FNH:1
FNDA:5,multiply
DA:1,1
DA:9,1
DA:10,5
DA:11,2
DA:13,3
DA:14,3
DA:15,3
LF:7
LH:7
BRDA:10,0,0,2
BRDA:10,1,0,5
BRDA:10,1,1,4
BRF:3
BRH:3
end_of_record
